# JRE version: OpenJDK Runtime Environment (11.0.10) (build 11.0.10+0-b96-7249189)
# Java VM: OpenJDK 64-Bit Server VM (11.0.10+0-b96-7249189, mixed mode, tiered, compressed oops, g1 gc, windows-amd64)
Heap:
 garbage-first heap   total 275456K, used 171496K [0x0000000080000000, 0x0000000100000000)
  region size 1024K, 6 young (6144K), 5 survivors (5120K)
 Metaspace       used 117618K, capacity 121058K, committed 121344K, reserved 1155072K
  class space    used 15112K, capacity 16344K, committed 16384K, reserved 1048576K
GC Heap History (20 events):
Event: 1507.454 GC heap before
{Heap before GC invocations=25 (full 0):
 garbage-first heap   total 229376K, used 141490K [0x0000000080000000, 0x0000000100000000)
  region size 1024K, 11 young (11264K), 7 survivors (7168K)
 Metaspace       used 112014K, capacity 115217K, committed 115968K, reserved 1148928K
  class space    used 14210K, capacity 15347K, committed 15616K, reserved 1048576K
}
Event: 1507.463 GC heap after
{Heap after GC invocations=26 (full 0):
 garbage-first heap   total 229376K, used 128461K [0x0000000080000000, 0x0000000100000000)
  region size 1024K, 2 young (2048K), 2 survivors (2048K)
 Metaspace       used 112014K, capacity 115217K, committed 115968K, reserved 1148928K
  class space    used 14210K, capacity 15347K, committed 15616K, reserved 1048576K
}
Event: 1507.468 GC heap before
{Heap before GC invocations=26 (full 0):
 garbage-first heap   total 229376K, used 129485K [0x0000000080000000, 0x0000000100000000)
  region size 1024K, 4 young (4096K), 2 survivors (2048K)
 Metaspace       used 112014K, capacity 115217K, committed 115968K, reserved 1148928K
  class space    used 14210K, capacity 15347K, committed 15616K, reserved 1048576K
}
Event: 1507.475 GC heap after
{Heap after GC invocations=27 (full 0):
 garbage-first heap   total 229376K, used 128757K [0x0000000080000000, 0x0000000100000000)
  region size 1024K, 3 young (3072K), 3 survivors (3072K)
 Metaspace       used 112014K, capacity 115217K, committed 115968K, reserved 1148928K
  class space    used 14210K, capacity 15347K, committed 15616K, reserved 1048576K
}
Event: 1508.142 GC heap before
{Heap before GC invocations=28 (full 0):
 garbage-first heap   total 229376K, used 165621K [0x0000000080000000, 0x0000000100000000)
  region size 1024K, 38 young (38912K), 3 survivors (3072K)
 Metaspace       used 112385K, capacity 115565K, committed 116224K, reserved 1150976K
  class space    used 14243K, capacity 15388K, committed 15616K, reserved 1048576K
}
Event: 1508.160 GC heap after
{Heap after GC invocations=29 (full 0):
 garbage-first heap   total 229376K, used 139582K [0x0000000080000000, 0x0000000100000000)
  region size 1024K, 5 young (5120K), 5 survivors (5120K)
 Metaspace       used 112385K, capacity 115565K, committed 116224K, reserved 1150976K
  class space    used 14243K, capacity 15388K, committed 15616K, reserved 1048576K
}
Event: 1508.936 GC heap before
{Heap before GC invocations=29 (full 0):
 garbage-first heap   total 229376K, used 170302K [0x0000000080000000, 0x0000000100000000)
  region size 1024K, 36 young (36864K), 5 survivors (5120K)
 Metaspace       used 115003K, capacity 118289K, committed 118528K, reserved 1150976K
  class space    used 14769K, capacity 15936K, committed 16128K, reserved 1048576K
}
Event: 1508.964 GC heap after
{Heap after GC invocations=30 (full 0):
 garbage-first heap   total 229376K, used 151019K [0x0000000080000000, 0x0000000100000000)
  region size 1024K, 5 young (5120K), 5 survivors (5120K)
 Metaspace       used 115003K, capacity 118289K, committed 118528K, reserved 1150976K
  class space    used 14769K, capacity 15936K, committed 16128K, reserved 1048576K
}
Event: 1509.204 GC heap before
{Heap before GC invocations=30 (full 0):
 garbage-first heap   total 229376K, used 177643K [0x0000000080000000, 0x0000000100000000)
  region size 1024K, 31 young (31744K), 5 survivors (5120K)
 Metaspace       used 115024K, capacity 118292K, committed 118528K, reserved 1150976K
  class space    used 14770K, capacity 15937K, committed 16128K, reserved 1048576K
}
Event: 1509.227 GC heap after
{Heap after GC invocations=31 (full 0):
 garbage-first heap   total 229376K, used 165423K [0x0000000080000000, 0x0000000100000000)
  region size 1024K, 4 young (4096K), 4 survivors (4096K)
 Metaspace       used 115024K, capacity 118292K, committed 118528K, reserved 1150976K
  class space    used 14770K, capacity 15937K, committed 16128K, reserved 1048576K
}
Event: 1509.839 GC heap before
{Heap before GC invocations=32 (full 0):
 garbage-first heap   total 229376K, used 182831K [0x0000000080000000, 0x0000000100000000)
  region size 1024K, 22 young (22528K), 4 survivors (4096K)
 Metaspace       used 116161K, capacity 119448K, committed 119680K, reserved 1153024K
  class space    used 14920K, capacity 16084K, committed 16256K, reserved 1048576K
}
Event: 1509.852 GC heap after
{Heap after GC invocations=33 (full 0):
 garbage-first heap   total 229376K, used 172998K [0x0000000080000000, 0x0000000100000000)
  region size 1024K, 3 young (3072K), 3 survivors (3072K)
 Metaspace       used 116161K, capacity 119448K, committed 119680K, reserved 1153024K
  class space    used 14920K, capacity 16084K, committed 16256K, reserved 1048576K
}
Event: 1509.997 GC heap before
{Heap before GC invocations=33 (full 0):
 garbage-first heap   total 229376K, used 181190K [0x0000000080000000, 0x0000000100000000)
  region size 1024K, 11 young (11264K), 3 survivors (3072K)
 Metaspace       used 116378K, capacity 119697K, committed 119936K, reserved 1153024K
  class space    used 14953K, capacity 16142K, committed 16256K, reserved 1048576K
}
Event: 1510.007 GC heap after
{Heap after GC invocations=34 (full 0):
 garbage-first heap   total 229376K, used 174313K [0x0000000080000000, 0x0000000100000000)
  region size 1024K, 2 young (2048K), 2 survivors (2048K)
 Metaspace       used 116378K, capacity 119697K, committed 119936K, reserved 1153024K
  class space    used 14953K, capacity 16142K, committed 16256K, reserved 1048576K
}
Event: 1510.448 GC heap before
{Heap before GC invocations=34 (full 0):
 garbage-first heap   total 229376K, used 187625K [0x0000000080000000, 0x0000000100000000)
  region size 1024K, 16 young (16384K), 2 survivors (2048K)
 Metaspace       used 116898K, capacity 120384K, committed 120576K, reserved 1153024K
  class space    used 15044K, capacity 16286K, committed 16384K, reserved 1048576K
}
Event: 1510.460 GC heap after
{Heap after GC invocations=35 (full 0):
 garbage-first heap   total 229376K, used 175686K [0x0000000080000000, 0x0000000100000000)
  region size 1024K, 2 young (2048K), 2 survivors (2048K)
 Metaspace       used 116898K, capacity 120384K, committed 120576K, reserved 1153024K
  class space    used 15044K, capacity 16286K, committed 16384K, reserved 1048576K
}
Event: 1510.896 GC heap before
{Heap before GC invocations=36 (full 0):
 garbage-first heap   total 229376K, used 185926K [0x0000000080000000, 0x0000000100000000)
  region size 1024K, 17 young (17408K), 2 survivors (2048K)
 Metaspace       used 117302K, capacity 120788K, committed 121088K, reserved 1155072K
  class space    used 15085K, capacity 16325K, committed 16384K, reserved 1048576K
}
Event: 1510.906 GC heap after
{Heap after GC invocations=37 (full 0):
 garbage-first heap   total 229376K, used 172029K [0x0000000080000000, 0x0000000100000000)
  region size 1024K, 3 young (3072K), 3 survivors (3072K)
 Metaspace       used 117302K, capacity 120788K, committed 121088K, reserved 1155072K
  class space    used 15085K, capacity 16325K, committed 16384K, reserved 1048576K
}
Event: 1511.137 GC heap before
{Heap before GC invocations=37 (full 0):
 garbage-first heap   total 229376K, used 180221K [0x0000000080000000, 0x0000000100000000)
  region size 1024K, 11 young (11264K), 3 survivors (3072K)
 Metaspace       used 117354K, capacity 120796K, committed 121088K, reserved 1155072K
  class space    used 15085K, capacity 16325K, committed 16384K, reserved 1048576K
}
Event: 1511.158 GC heap after
{Heap after GC invocations=38 (full 0):
 garbage-first heap   total 275456K, used 165762K [0x0000000080000000, 0x0000000100000000)
  region size 1024K, 2 young (2048K), 2 survivors (2048K)
 Metaspace       used 117354K, capacity 120796K, committed 121088K, reserved 1155072K
  class space    used 15085K, capacity 16325K, committed 16384K, reserved 1048576K
}

